<?xml version="1.0" encoding="UTF-8"?>
<!-- Generated by org.testng.reporters.JUnitXMLReporter -->
<testsuite hostname="Shiva" ignored="0" name="Default test" tests="3" failures="0" timestamp="2022-04-10T21:02:52 IST" time="5.858" errors="0">
  <testcase name="APITest" time="4.115" classname="RestAssured_April10.RestAssured_April10.RestClass"/>
  <testcase name="APITest" time="0.455" classname="RestAssured_April10.RestAssured_April10.RestClass"/>
  <testcase name="APITest" time="0.413" classname="RestAssured_April10.RestAssured_April10.RestClass"/>
</testsuite> <!-- Default test -->
