<?xml version="1.0" encoding="UTF-8"?>
<testng-results skipped="0" failed="0" ignored="0" total="3" passed="3">
  <reporter-output>
  </reporter-output>
  <suite name="Default suite" duration-ms="5858" started-at="2022-04-10T21:02:46 IST" finished-at="2022-04-10T21:02:52 IST">
    <groups>
    </groups>
    <test name="Default test" duration-ms="5858" started-at="2022-04-10T21:02:46 IST" finished-at="2022-04-10T21:02:52 IST">
      <class name="RestAssured_April10.RestAssured_April10.RestClass">
        <test-method status="PASS" signature="APITest(java.lang.String, double)[pri:0, instance:RestAssured_April10.RestAssured_April10.RestClass@627551fb]" name="APITest" duration-ms="4115" started-at="2022-04-10T21:02:47 IST" data-provider="callexcel" finished-at="2022-04-10T21:02:51 IST">
          <params>
            <param index="0">
              <value>
                <![CDATA[Amruta]]>
              </value>
            </param>
            <param index="1">
              <value>
                <![CDATA[1.0]]>
              </value>
            </param>
          </params>
          <reporter-output>
          </reporter-output>
        </test-method> <!-- APITest -->
        <test-method status="PASS" signature="APITest(java.lang.String, double)[pri:0, instance:RestAssured_April10.RestAssured_April10.RestClass@627551fb]" name="APITest" duration-ms="455" started-at="2022-04-10T21:02:51 IST" data-provider="callexcel" finished-at="2022-04-10T21:02:52 IST">
          <params>
            <param index="0">
              <value>
                <![CDATA[Shivanand ]]>
              </value>
            </param>
            <param index="1">
              <value>
                <![CDATA[2.0]]>
              </value>
            </param>
          </params>
          <reporter-output>
          </reporter-output>
        </test-method> <!-- APITest -->
        <test-method status="PASS" signature="APITest(java.lang.String, double)[pri:0, instance:RestAssured_April10.RestAssured_April10.RestClass@627551fb]" name="APITest" duration-ms="413" started-at="2022-04-10T21:02:52 IST" data-provider="callexcel" finished-at="2022-04-10T21:02:52 IST">
          <params>
            <param index="0">
              <value>
                <![CDATA[Viraj]]>
              </value>
            </param>
            <param index="1">
              <value>
                <![CDATA[3.0]]>
              </value>
            </param>
          </params>
          <reporter-output>
          </reporter-output>
        </test-method> <!-- APITest -->
      </class> <!-- RestAssured_April10.RestAssured_April10.RestClass -->
    </test> <!-- Default test -->
  </suite> <!-- Default suite -->
</testng-results>
